<?xml version="1.0" encoding="UTF-8"?>
<!-- Generated by org.testng.reporters.JUnitXMLReporter -->
<testsuite ignored="1" hostname="LAPTOP-SI757CKO" failures="0" tests="4" name="Test" time="2.839" errors="0" timestamp="2022-08-11T15:43:23 IST">
  <testcase classname="testcase.AdvanceLoginTest" name="login" time="0.226"/>
  <testcase classname="testcase.AdvanceLoginTest" name="enterpin" time="0.295"/>
  <testcase classname="testcase.DashBoardTest" name="dashboard" time="1.507"/>
  <testcase classname="testcase.DashBoardTest" name="validateShare" time="0.706"/>
  <testcase classname="testcase.BaseTest" name="@BeforeSuite browserRun" time="0.0">
    <ignored/>
  </testcase> <!-- @BeforeSuite browserRun -->
</testsuite> <!-- Test -->
