<?xml version="1.0" encoding="UTF-8"?>
<testng-results ignored="1" total="5" passed="4" failed="0" skipped="0">
  <reporter-output>
  </reporter-output>
  <suite started-at="2022-08-11T15:43:20 IST" name="Suite" finished-at="2022-08-11T15:43:23 IST" duration-ms="2839">
    <groups>
    </groups>
    <test started-at="2022-08-11T15:43:20 IST" name="Test" finished-at="2022-08-11T15:43:23 IST" duration-ms="2839">
      <class name="testcase.AdvanceLoginTest">
        <test-method is-config="true" signature="browserRun()[pri:0, instance:testcase.AdvanceLoginTest@2e385cce]" started-at="2022-08-11T15:43:16 IST" name="browserRun" finished-at="2022-08-11T15:43:20 IST" duration-ms="3507" status="PASS">
          <reporter-output>
          </reporter-output>
        </test-method> <!-- browserRun -->
        <test-method is-config="true" signature="createObject()[pri:0, instance:testcase.AdvanceLoginTest@2e385cce]" started-at="2022-08-11T15:43:20 IST" name="createObject" finished-at="2022-08-11T15:43:20 IST" duration-ms="36" status="PASS">
          <reporter-output>
          </reporter-output>
        </test-method> <!-- createObject -->
        <test-method signature="login()[pri:1, instance:testcase.AdvanceLoginTest@2e385cce]" started-at="2022-08-11T15:43:20 IST" name="login" finished-at="2022-08-11T15:43:20 IST" duration-ms="226" status="PASS">
          <reporter-output>
          </reporter-output>
        </test-method> <!-- login -->
        <test-method signature="enterpin()[pri:2, instance:testcase.AdvanceLoginTest@2e385cce]" started-at="2022-08-11T15:43:20 IST" name="enterpin" finished-at="2022-08-11T15:43:21 IST" duration-ms="295" status="PASS">
          <reporter-output>
          </reporter-output>
        </test-method> <!-- enterpin -->
      </class> <!-- testcase.AdvanceLoginTest -->
      <class name="testcase.DashBoardTest">
        <test-method is-config="true" signature="createObject()[pri:0, instance:testcase.DashBoardTest@644baf4a]" started-at="2022-08-11T15:43:21 IST" name="createObject" finished-at="2022-08-11T15:43:21 IST" duration-ms="1" status="PASS">
          <reporter-output>
          </reporter-output>
        </test-method> <!-- createObject -->
        <test-method signature="dashboard()[pri:3, instance:testcase.DashBoardTest@644baf4a]" started-at="2022-08-11T15:43:21 IST" name="dashboard" finished-at="2022-08-11T15:43:22 IST" duration-ms="1507" status="PASS">
          <reporter-output>
          </reporter-output>
        </test-method> <!-- dashboard -->
        <test-method signature="validateShare()[pri:4, instance:testcase.DashBoardTest@644baf4a]" started-at="2022-08-11T15:43:22 IST" name="validateShare" finished-at="2022-08-11T15:43:23 IST" duration-ms="706" status="PASS">
          <reporter-output>
          </reporter-output>
        </test-method> <!-- validateShare -->
      </class> <!-- testcase.DashBoardTest -->
    </test> <!-- Test -->
  </suite> <!-- Suite -->
</testng-results>
